[14:32:41.499] Global cache location '/home/saxonj/.cache/typescript/4.3', safe file path '/home/saxonj/Documents/derp-text/node_modules/typescript/lib/typingSafeList.json', types map path /home/saxonj/Documents/derp-text/node_modules/typescript/lib/typesMap.json
[14:32:41.499] Processing cache location '/home/saxonj/.cache/typescript/4.3'
[14:32:41.499] Trying to find '/home/saxonj/.cache/typescript/4.3/package.json'...
[14:32:41.499] Finished processing cache location '/home/saxonj/.cache/typescript/4.3'
[14:32:41.499] Process id: 149543
[14:32:41.499] NPM location: /usr/bin/npm (explicit '--npmLocation' not  provided)
[14:32:41.499] validateDefaultNpmLocation: false
[14:32:41.500] Npm config file: /home/saxonj/.cache/typescript/4.3/package.json
[14:32:41.500] Npm config file: '/home/saxonj/.cache/typescript/4.3/package.json' is missing, creating new one...
[14:32:41.500] Updating types-registry npm package...
[14:32:41.500] Exec: /usr/bin/npm install --ignore-scripts types-registry@latest
[14:32:42.303]     Succeeded. stdout:
    
    added 1 package, and audited 2 packages in 720ms

found 0 vulnerabilities

[14:32:42.303] Updated types-registry npm package
[14:40:12.691] Got install request {"projectName":"/dev/null/inferredProject1*","fileNames":[],"compilerOptions":{"module":1,"target":3,"jsx":1,"allowJs":true,"allowSyntheticDefaultImports":true,"allowNonTsExtensions":true,"noEmitForJsFiles":true},"typeAcquisition":{"enable":true,"include":[],"exclude":[]},"unresolvedImports":[],"projectRootPath":"/home/saxonj/Documents/derp-text/src","kind":"discover"}
[14:40:12.720] Loaded safelist from types map file '/home/saxonj/Documents/derp-text/node_modules/typescript/lib/typesMap.json'
[14:40:12.720] Explicitly included types: []
[14:40:12.720] Inferred typings from unresolved imports: []
[14:40:12.720] Result: {"cachedTypingPaths":[],"newTypingNames":[],"filesToWatch":["/home/saxonj/Documents/derp-text/src/bower_components","/home/saxonj/Documents/derp-text/src/node_modules"]}
[14:40:12.720] Finished typings discovery: {"cachedTypingPaths":[],"newTypingNames":[],"filesToWatch":["/home/saxonj/Documents/derp-text/src/bower_components","/home/saxonj/Documents/derp-text/src/node_modules"]}
[14:40:12.721] DirectoryWatcher:: Added:: WatchInfo: /home/saxonj/Documents/derp-text/src/bower_components
[14:40:12.721] DirectoryWatcher:: Added:: WatchInfo: /home/saxonj/Documents/derp-text/src/bower_components 1 undefined Project: /dev/null/inferredProject1* watcher already invoked: false
[14:40:12.722] Elapsed:: 0.9898809995502234ms DirectoryWatcher:: Added:: WatchInfo: /home/saxonj/Documents/derp-text/src/bower_components 1 undefined Project: /dev/null/inferredProject1* watcher already invoked: false
[14:40:12.722] DirectoryWatcher:: Added:: WatchInfo: /home/saxonj/Documents/derp-text/src/node_modules
[14:40:12.722] DirectoryWatcher:: Added:: WatchInfo: /home/saxonj/Documents/derp-text/src/node_modules 1 undefined Project: /dev/null/inferredProject1* watcher already invoked: false
[14:40:12.722] Elapsed:: 0.07735600136220455ms DirectoryWatcher:: Added:: WatchInfo: /home/saxonj/Documents/derp-text/src/node_modules 1 undefined Project: /dev/null/inferredProject1* watcher already invoked: false
[14:40:12.722] Sending response:
    {"projectName":"/dev/null/inferredProject1*","typeAcquisition":{"enable":true,"include":[],"exclude":[]},"compilerOptions":{"module":1,"target":3,"jsx":1,"allowJs":true,"allowSyntheticDefaultImports":true,"allowNonTsExtensions":true,"noEmitForJsFiles":true},"typings":[],"unresolvedImports":[],"kind":"action::set"}
[14:40:12.722] Response has been sent.
[14:40:12.722] No new typings were requested as a result of typings discovery
